<?xml version="1.0" encoding="UTF-8"?>
<!-- Generated by org.testng.reporters.JUnitReportReporter -->
<testsuite hostname="Baraa" failures="0" tests="1" name="MyTestCases" time="22.511" errors="0" timestamp="2024-10-10T00:49:48 EET" skipped="0">
  <testcase classname="MyTestCases" name="signUp" time="22.511"/>
  <system-out/>
</testsuite> <!-- MyTestCases -->
